<?xml version="1.0" encoding="UTF-8"?>
<testsuite xmlns:xsi="http://www.w3.org/2001/XMLSchema-instance" xsi:noNamespaceSchemaLocation="https://maven.apache.org/surefire/maven-surefire-plugin/xsd/surefire-test-report.xsd" name="TestRunner" time="19.101" tests="1" errors="0" skipped="0" failures="1">
  <properties>
[...]
</properties>
  <testcase name="runScenario" classname="TestRunner" time="16.861">
    <failure message="element not interactable&#10;  (Session info: chrome=120.0.6099.225)&#10;Build info: version: &apos;4.16.1&apos;, revision: &apos;9b4c83354e&apos;&#10;System info: os.name: &apos;Windows 10&apos;, os.arch: &apos;amd64&apos;, os.version: &apos;10.0&apos;, java.version: &apos;21.0.1&apos;&#10;Driver info: org.openqa.selenium.chrome.ChromeDriver&#10;Command: [cc60b44b01c31bf070fb8abf6cca893b, clickElement {id=12E6B83B18CCF757F45E10B972BD7929_element_140}]&#10;Capabilities {acceptInsecureCerts: false, browserName: chrome, browserVersion: 120.0.6099.225, chrome: {chromedriverVersion: 120.0.6099.109 (3419140ab66..., userDataDir: C:\Users\ORXAN~1.HAS\AppDat...}, fedcm:accounts: true, goog:chromeOptions: {debuggerAddress: localhost:51624}, networkConnectionEnabled: false, pageLoadStrategy: normal, platformName: windows, proxy: Proxy(), se:cdp: ws://localhost:51624/devtoo..., se:cdpVersion: 120.0.6099.225, setWindowRect: true, strictFileInteractability: false, timeouts: {implicit: 0, pageLoad: 300000, script: 30000}, unhandledPromptBehavior: dismiss and notify, webauthn:extension:credBlob: true, webauthn:extension:largeBlob: true, webauthn:extension:minPinLength: true, webauthn:extension:prf: true, webauthn:virtualAuthenticators: true}&#10;Element: [[ChromeDriver: chrome on windows (cc60b44b01c31bf070fb8abf6cca893b)] -&gt; xpath: //input[@id=&apos;login-password&apos;]]&#10;Session ID: cc60b44b01c31bf070fb8abf6cca893b" type="org.openqa.selenium.ElementNotInteractableException">org.openqa.selenium.ElementNotInteractableException: 
element not interactable
  (Session info: chrome=120.0.6099.225)
Build info: version: '4.16.1', revision: '9b4c83354e'
System info: os.name: 'Windows 10', os.arch: 'amd64', os.version: '10.0', java.version: '21.0.1'
Driver info: org.openqa.selenium.chrome.ChromeDriver
Command: [cc60b44b01c31bf070fb8abf6cca893b, clickElement {id=12E6B83B18CCF757F45E10B972BD7929_element_140}]
Capabilities {acceptInsecureCerts: false, browserName: chrome, browserVersion: 120.0.6099.225, chrome: {chromedriverVersion: 120.0.6099.109 (3419140ab66..., userDataDir: C:\Users\ORXAN~1.HAS\AppDat...}, fedcm:accounts: true, goog:chromeOptions: {debuggerAddress: localhost:51624}, networkConnectionEnabled: false, pageLoadStrategy: normal, platformName: windows, proxy: Proxy(), se:cdp: ws://localhost:51624/devtoo..., se:cdpVersion: 120.0.6099.225, setWindowRect: true, strictFileInteractability: false, timeouts: {implicit: 0, pageLoad: 300000, script: 30000}, unhandledPromptBehavior: dismiss and notify, webauthn:extension:credBlob: true, webauthn:extension:largeBlob: true, webauthn:extension:minPinLength: true, webauthn:extension:prf: true, webauthn:virtualAuthenticators: true}
Element: [[ChromeDriver: chrome on windows (cc60b44b01c31bf070fb8abf6cca893b)] -> xpath: //input[@id='login-password']]
Session ID: cc60b44b01c31bf070fb8abf6cca893b
</failure>
    <system-out><![CDATA[
Scenario: Login with correct credeantials &amp#27;[90m# features/Login.feature:4&amp#27;[0m
  &amp#27;[32mGiven &amp#27;[0m&amp#27;[32mUser is in main page&amp#27;[0m              &amp#27;[90m# LoginStepDefinitions.userIsInMainPage()&amp#27;[0m
  &amp#27;[32mWhen &amp#27;[0m&amp#27;[32mDecline discount alert&amp#27;[0m             &amp#27;[90m# LoginStepDefinitions.declineDiscountAlert()&amp#27;[0m
  &amp#27;[32mAnd &amp#27;[0m&amp#27;[32mClick Daxil Ol Btn&amp#27;[0m                  &amp#27;[90m# LoginStepDefinitions.clickDaxilOlBtn()&amp#27;[0m
  &amp#27;[32mAnd &amp#27;[0m&amp#27;[32mFill the username btn&amp#27;[0m               &amp#27;[90m# LoginStepDefinitions.fillTheUsernameBtn()&amp#27;[0m
  &amp#27;[31mAnd &amp#27;[0m&amp#27;[31mFill the password btn&amp#27;[0m               &amp#27;[90m# LoginStepDefinitions.fillThePasswordBtn()&amp#27;[0m
      &amp#27;[31morg.openqa.selenium.ElementNotInteractableException: element not interactable
  (Session info: chrome=120.0.6099.225)
Build info: version: '4.16.1', revision: '9b4c83354e'
System info: os.name: 'Windows 10', os.arch: 'amd64', os.version: '10.0', java.version: '21.0.1'
Driver info: org.openqa.selenium.chrome.ChromeDriver
Command: [cc60b44b01c31bf070fb8abf6cca893b, clickElement {id=12E6B83B18CCF757F45E10B972BD7929_element_140}]
Capabilities {acceptInsecureCerts: false, browserName: chrome, browserVersion: 120.0.6099.225, chrome: {chromedriverVersion: 120.0.6099.109 (3419140ab66..., userDataDir: C:\Users\ORXAN~1.HAS\AppDat...}, fedcm:accounts: true, goog:chromeOptions: {debuggerAddress: localhost:51624}, networkConnectionEnabled: false, pageLoadStrategy: normal, platformName: windows, proxy: Proxy(), se:cdp: ws://localhost:51624/devtoo..., se:cdpVersion: 120.0.6099.225, setWindowRect: true, strictFileInteractability: false, timeouts: {implicit: 0, pageLoad: 300000, script: 30000}, unhandledPromptBehavior: dismiss and notify, webauthn:extension:credBlob: true, webauthn:extension:largeBlob: true, webauthn:extension:minPinLength: true, webauthn:extension:prf: true, webauthn:virtualAuthenticators: true}
Element: [[ChromeDriver: chrome on windows (cc60b44b01c31bf070fb8abf6cca893b)] -> xpath: //input[@id='login-password']]
Session ID: cc60b44b01c31bf070fb8abf6cca893b
	at java.base/jdk.internal.reflect.DirectConstructorHandleAccessor.newInstance(DirectConstructorHandleAccessor.java:62)
	at java.base/java.lang.reflect.Constructor.newInstanceWithCaller(Constructor.java:502)
	at java.base/java.lang.reflect.Constructor.newInstance(Constructor.java:486)
	at org.openqa.selenium.remote.codec.w3c.W3CHttpResponseCodec.createException(W3CHttpResponseCodec.java:200)
	at org.openqa.selenium.remote.codec.w3c.W3CHttpResponseCodec.decode(W3CHttpResponseCodec.java:133)
	at org.openqa.selenium.remote.codec.w3c.W3CHttpResponseCodec.decode(W3CHttpResponseCodec.java:52)
	at org.openqa.selenium.remote.HttpCommandExecutor.execute(HttpCommandExecutor.java:191)
	at org.openqa.selenium.remote.service.DriverCommandExecutor.invokeExecute(DriverCommandExecutor.java:200)
	at org.openqa.selenium.remote.service.DriverCommandExecutor.execute(DriverCommandExecutor.java:175)
	at org.openqa.selenium.remote.RemoteWebDriver.execute(RemoteWebDriver.java:523)
	at org.openqa.selenium.remote.RemoteWebElement.execute(RemoteWebElement.java:224)
	at org.openqa.selenium.remote.RemoteWebElement.click(RemoteWebElement.java:77)
	at LoginStepDefinitions.fillThePasswordBtn(LoginStepDefinitions.java:71)
	at ✽.Fill the password btn(classpath:features/Login.feature:9)
&amp#27;[0m
  &amp#27;[36mAnd &amp#27;[0m&amp#27;[36mClick submit btn&amp#27;[0m                    &amp#27;[90m# LoginStepDefinitions.clickSubmitBtn()&amp#27;[0m
  &amp#27;[36mThen &amp#27;[0m&amp#27;[36mUser must be login&amp#27;[0m                 &amp#27;[90m# LoginStepDefinitions.userMustBeLogin()&amp#27;[0m

    Embedding Login with correct credeantials [image/png 131632 bytes]

]]></system-out>
    <system-err><![CDATA[SLF4J: Failed to load class "org.slf4j.impl.StaticLoggerBinder".
SLF4J: Defaulting to no-operation (NOP) logger implementation
SLF4J: See http://www.slf4j.org/codes.html#StaticLoggerBinder for further details.
]]></system-err>
  </testcase>
</testsuite>